<?xml version="1.0" encoding="UTF-8"?>
<!-- Generated by org.testng.reporters.JUnitReportReporter -->
<testsuite hostname="lupadhyay-mbp" name="com.booking.SearchHotel.TestCases.bookHotel" tests="1" failures="0" timestamp="10 Dec 2018 22:35:39 GMT" time="26.321" errors="0">
  <testcase name="bookAHotel" time="26.321" classname="com.booking.SearchHotel.TestCases.bookHotel"/>
</testsuite> <!-- com.booking.SearchHotel.TestCases.bookHotel -->
