<?xml version="1.0" encoding="UTF-8"?>
<!-- Generated by org.testng.reporters.JUnitReportReporter -->
<testsuite hostname="lupadhyay-mbp" name="com.booking.SearchHotel.TestCases.bookHotel" tests="1" failures="0" timestamp="10 Dec 2018 23:01:18 GMT" time="43.011" errors="0">
  <testcase name="bookAHotel" time="43.011" classname="com.booking.SearchHotel.TestCases.bookHotel"/>
</testsuite> <!-- com.booking.SearchHotel.TestCases.bookHotel -->
