<?xml version="1.0" encoding="UTF-8"?>
<!-- Generated by org.testng.reporters.JUnitReportReporter -->
<testsuite hostname="lupadhyay-mbp" name="com.booking.SearchHotel.TestCases.bookHotel" tests="1" failures="0" timestamp="9 Dec 2018 02:25:11 GMT" time="44.559" errors="0">
  <testcase name="bookAHotel" time="44.559" classname="com.booking.SearchHotel.TestCases.bookHotel"/>
</testsuite> <!-- com.booking.SearchHotel.TestCases.bookHotel -->
