<?xml version="1.0" encoding="UTF-8"?>
<!-- Generated by org.testng.reporters.JUnitReportReporter -->
<testsuite hostname="lupadhyay-mbp" name="com.booking.SearchHotel.Test" tests="1" failures="0" timestamp="8 Dec 2018 03:54:20 GMT" time="9.057" errors="0">
  <testcase name="testa" time="9.057" classname="com.booking.SearchHotel.Test"/>
</testsuite> <!-- com.booking.SearchHotel.Test -->
