<?xml version="1.0" encoding="UTF-8"?>
<!-- Generated by org.testng.reporters.JUnitReportReporter -->
<testsuite hostname="lupadhyay-mbp" name="com.booking.SearchHotel.bookHotel" tests="1" failures="0" timestamp="8 Dec 2018 18:17:06 GMT" time="42.091" errors="0">
  <testcase name="bookAHotel" time="42.091" classname="com.booking.SearchHotel.bookHotel"/>
</testsuite> <!-- com.booking.SearchHotel.bookHotel -->
